Added Component: Designator=TP1(testpoint round, diameter 1.5mm)
Add component (AddParameter): Name = "Manufacturer 1"; Value = ""; VariantName = "[No Variations]"
Add component (AddParameter): Name = "Manufacturer Part Number 1"; Value = ""; VariantName = "[No Variations]"
Add component (AddParameter): Name = "Supplier 1"; Value = ""; VariantName = "[No Variations]"
Add component (AddParameter): Name = "Supplier Part Number 1"; Value = ""; VariantName = "[No Variations]"
Added Component: Designator=TP2(testpoint round, diameter 1.5mm)
Add component (AddParameter): Name = "Manufacturer 1"; Value = ""; VariantName = "[No Variations]"
Add component (AddParameter): Name = "Manufacturer Part Number 1"; Value = ""; VariantName = "[No Variations]"
Add component (AddParameter): Name = "Supplier 1"; Value = ""; VariantName = "[No Variations]"
Add component (AddParameter): Name = "Supplier Part Number 1"; Value = ""; VariantName = "[No Variations]"
Added Component: Designator=TP3(testpoint round, diameter 1.5mm)
Add component (AddParameter): Name = "Manufacturer 1"; Value = ""; VariantName = "[No Variations]"
Add component (AddParameter): Name = "Manufacturer Part Number 1"; Value = ""; VariantName = "[No Variations]"
Add component (AddParameter): Name = "Supplier 1"; Value = ""; VariantName = "[No Variations]"
Add component (AddParameter): Name = "Supplier Part Number 1"; Value = ""; VariantName = "[No Variations]"
Added Component: Designator=TP4(testpoint round, diameter 1.5mm)
Add component (AddParameter): Name = "Manufacturer 1"; Value = ""; VariantName = "[No Variations]"
Add component (AddParameter): Name = "Manufacturer Part Number 1"; Value = ""; VariantName = "[No Variations]"
Add component (AddParameter): Name = "Supplier 1"; Value = ""; VariantName = "[No Variations]"
Add component (AddParameter): Name = "Supplier Part Number 1"; Value = ""; VariantName = "[No Variations]"
Added Pin To Net: NetName=NetTP1_1 Pin=TP1-1
Added Pin To Net: NetName=NetTP1_1 Pin=U1-17
Added Net: Name=NetTP1_1
Added Pin To Net: NetName=NetTP2_1 Pin=TP2-1
Added Pin To Net: NetName=NetTP2_1 Pin=U1-18
Added Net: Name=NetTP2_1
Added Pin To Net: NetName=NetTP3_1 Pin=TP3-1
Added Pin To Net: NetName=NetTP3_1 Pin=U1-19
Added Net: Name=NetTP3_1
Added Pin To Net: NetName=NetTP4_1 Pin=TP4-1
Added Pin To Net: NetName=NetTP4_1 Pin=U1-20
Added Net: Name=NetTP4_1
Added Member To Class: ClassName=spider Member=Component J3 connector_41
Added Member To Class: ClassName=spider Member=Component TP1 misc_3
Added Member To Class: ClassName=spider Member=Component TP2 misc_3
Added Member To Class: ClassName=spider Member=Component TP3 misc_3
Added Member To Class: ClassName=spider Member=Component TP4 misc_3
Added Member To Class: ClassName=spider Member=Component U3 regulator_1
